[2023-02-12T18:34:46.432] [WARN] custom - Estado: 404. Ruta consultada: /otro. Metodo GET
[2023-02-12T18:35:40.512] [WARN] custom - Estado: 404. Ruta consultada: /favicon.ico. Metodo GET
[2023-02-12T18:35:52.904] [WARN] custom - Estado: 404. Ruta consultada: /socket.io/socket.io.js. Metodo GET
[2023-02-12T18:38:04.592] [WARN] custom - Estado: 404. Ruta consultada: /favicon.ico. Metodo GET
[2023-02-12T18:38:19.997] [WARN] custom - Estado: 404. Ruta consultada: /socket.io/socket.io.js. Metodo GET
[2023-02-12T19:12:13.374] [WARN] custom - Estado: 404. Ruta consultada: /favicon.ico. Metodo GET
[2023-02-12T19:12:19.258] [WARN] custom - Estado: 404. Ruta consultada: /socket.io/socket.io.js. Metodo GET
[2023-02-12T19:18:08.749] [WARN] custom - Estado: 404. Ruta consultada: /favicon.ico. Metodo GET
[2023-02-12T19:18:18.922] [WARN] custom - Estado: 404. Ruta consultada: /socket.io/socket.io.js. Metodo GET
[2023-02-12T19:27:01.409] [WARN] custom - Estado: 404. Ruta consultada: /favicon.ico. Metodo GET
[2023-02-12T19:27:11.888] [WARN] custom - Estado: 404. Ruta consultada: /errorLogin. Metodo GET
[2023-02-12T19:27:27.949] [WARN] custom - Estado: 404. Ruta consultada: /favicon.ico. Metodo GET
[2023-02-12T19:27:33.282] [WARN] custom - Estado: 404. Ruta consultada: /socket.io/socket.io.js. Metodo GET
[2023-02-12T19:37:48.902] [WARN] custom - Estado: 404. Ruta consultada: /favicon.ico. Metodo GET
[2023-02-12T19:37:55.854] [WARN] custom - Estado: 404. Ruta consultada: /socket.io/socket.io.js. Metodo GET
[2023-02-12T19:39:20.068] [WARN] custom - Estado: 404. Ruta consultada: /favicon.ico. Metodo GET
[2023-02-12T19:39:28.958] [WARN] custom - Estado: 404. Ruta consultada: /socket.io/socket.io.js. Metodo GET
[2023-02-12T21:12:39.720] [WARN] custom - Estado: 404. Ruta consultada: /otr. Metodo GET
[2023-02-12T21:12:44.589] [WARN] custom - Estado: 404. Ruta consultada: /favicon.ico. Metodo GET
[2023-02-12T21:12:52.634] [WARN] custom - Estado: 404. Ruta consultada: /favicon.ico. Metodo GET
